{"/home/juan/ProgrIV/Programacion-4/TP2/src/app.ts": {"path":"/home/juan/ProgrIV/Programacion-4/TP2/src/app.ts","all":true,"statementMap":{"0":{"start":{"line":1,"column":0},"end":{"line":1,"column":30}},"3":{"start":{"line":4,"column":0},"end":{"line":4,"column":22}},"4":{"start":{"line":5,"column":0},"end":{"line":5,"column":34}},"6":{"start":{"line":7,"column":0},"end":{"line":7,"column":17}},"7":{"start":{"line":8,"column":0},"end":{"line":8,"column":25}},"8":{"start":{"line":9,"column":0},"end":{"line":9,"column":23}},"9":{"start":{"line":10,"column":0},"end":{"line":10,"column":18}},"10":{"start":{"line":11,"column":0},"end":{"line":11,"column":3}},"12":{"start":{"line":13,"column":0},"end":{"line":13,"column":17}},"13":{"start":{"line":14,"column":0},"end":{"line":14,"column":52}},"14":{"start":{"line":15,"column":0},"end":{"line":15,"column":3}},"16":{"start":{"line":17,"column":0},"end":{"line":17,"column":12}},"17":{"start":{"line":18,"column":0},"end":{"line":18,"column":35}},"18":{"start":{"line":19,"column":0},"end":{"line":19,"column":34}},"19":{"start":{"line":20,"column":0},"end":{"line":20,"column":7}},"20":{"start":{"line":21,"column":0},"end":{"line":21,"column":3}},"26":{"start":{"line":27,"column":0},"end":{"line":27,"column":1}},"28":{"start":{"line":29,"column":0},"end":{"line":29,"column":14}},"29":{"start":{"line":30,"column":0},"end":{"line":30,"column":34}},"30":{"start":{"line":31,"column":0},"end":{"line":31,"column":22}},"31":{"start":{"line":32,"column":0},"end":{"line":32,"column":26}},"33":{"start":{"line":34,"column":0},"end":{"line":34,"column":29}},"34":{"start":{"line":35,"column":0},"end":{"line":35,"column":25}},"35":{"start":{"line":36,"column":0},"end":{"line":36,"column":21}},"37":{"start":{"line":38,"column":0},"end":{"line":38,"column":33}},"38":{"start":{"line":39,"column":0},"end":{"line":39,"column":3}},"40":{"start":{"line":41,"column":0},"end":{"line":41,"column":31}},"41":{"start":{"line":42,"column":0},"end":{"line":42,"column":41}},"42":{"start":{"line":43,"column":0},"end":{"line":43,"column":3}},"43":{"start":{"line":44,"column":0},"end":{"line":44,"column":1}},"45":{"start":{"line":46,"column":0},"end":{"line":46,"column":22}}},"s":{"0":0,"3":0,"4":0,"6":0,"7":0,"8":0,"9":0,"10":0,"12":0,"13":0,"14":0,"16":0,"17":0,"18":0,"19":0,"20":0,"26":0,"28":0,"29":0,"30":0,"31":0,"33":0,"34":0,"35":0,"37":0,"38":0,"40":0,"41":0,"42":0,"43":0,"45":0},"branchMap":{"0":{"type":"branch","line":1,"loc":{"start":{"line":1,"column":892},"end":{"line":46,"column":22}},"locations":[{"start":{"line":1,"column":892},"end":{"line":46,"column":22}}]}},"b":{"0":[0]},"fnMap":{"0":{"name":"(empty-report)","decl":{"start":{"line":1,"column":892},"end":{"line":46,"column":22}},"loc":{"start":{"line":1,"column":892},"end":{"line":46,"column":22}},"line":1}},"f":{"0":0}}
,"/home/juan/ProgrIV/Programacion-4/TP2/src/index.ts": {"path":"/home/juan/ProgrIV/Programacion-4/TP2/src/index.ts","all":true,"statementMap":{"0":{"start":{"line":1,"column":0},"end":{"line":1,"column":27}},"2":{"start":{"line":3,"column":0},"end":{"line":3,"column":32}},"3":{"start":{"line":4,"column":0},"end":{"line":4,"column":20}},"4":{"start":{"line":5,"column":0},"end":{"line":5,"column":48}},"5":{"start":{"line":6,"column":0},"end":{"line":6,"column":3}}},"s":{"0":0,"2":0,"3":0,"4":0,"5":0},"branchMap":{"0":{"type":"branch","line":1,"loc":{"start":{"line":1,"column":0},"end":{"line":6,"column":-77}},"locations":[{"start":{"line":1,"column":0},"end":{"line":6,"column":-77}}]}},"b":{"0":[0]},"fnMap":{"0":{"name":"(empty-report)","decl":{"start":{"line":1,"column":0},"end":{"line":6,"column":-77}},"loc":{"start":{"line":1,"column":0},"end":{"line":6,"column":-77}},"line":1}},"f":{"0":0}}
,"/home/juan/ProgrIV/Programacion-4/TP2/src/models/mockOrder.ts": {"path":"/home/juan/ProgrIV/Programacion-4/TP2/src/models/mockOrder.ts","all":false,"statementMap":{"0":{"start":{"line":1,"column":0},"end":{"line":1,"column":49}},"4":{"start":{"line":5,"column":0},"end":{"line":5,"column":45}},"5":{"start":{"line":6,"column":0},"end":{"line":6,"column":28}},"6":{"start":{"line":7,"column":0},"end":{"line":7,"column":17}},"7":{"start":{"line":8,"column":0},"end":{"line":8,"column":37}},"8":{"start":{"line":9,"column":0},"end":{"line":9,"column":3}},"10":{"start":{"line":11,"column":0},"end":{"line":11,"column":24}},"11":{"start":{"line":12,"column":0},"end":{"line":12,"column":23}},"12":{"start":{"line":13,"column":0},"end":{"line":13,"column":3}},"14":{"start":{"line":15,"column":0},"end":{"line":15,"column":51}},"15":{"start":{"line":16,"column":0},"end":{"line":16,"column":71}},"16":{"start":{"line":17,"column":0},"end":{"line":17,"column":3}},"18":{"start":{"line":19,"column":0},"end":{"line":19,"column":35}},"19":{"start":{"line":20,"column":0},"end":{"line":20,"column":72}},"20":{"start":{"line":21,"column":0},"end":{"line":21,"column":28}},"21":{"start":{"line":22,"column":0},"end":{"line":22,"column":3}},"23":{"start":{"line":24,"column":0},"end":{"line":24,"column":47}},"24":{"start":{"line":25,"column":0},"end":{"line":25,"column":61}},"25":{"start":{"line":26,"column":0},"end":{"line":26,"column":3}},"27":{"start":{"line":28,"column":0},"end":{"line":28,"column":35}},"28":{"start":{"line":29,"column":0},"end":{"line":29,"column":40}},"29":{"start":{"line":30,"column":0},"end":{"line":30,"column":17}},"30":{"start":{"line":31,"column":0},"end":{"line":31,"column":45}},"31":{"start":{"line":32,"column":0},"end":{"line":32,"column":5}},"32":{"start":{"line":33,"column":0},"end":{"line":33,"column":44}},"33":{"start":{"line":34,"column":0},"end":{"line":34,"column":52}},"34":{"start":{"line":35,"column":0},"end":{"line":35,"column":5}},"35":{"start":{"line":36,"column":0},"end":{"line":36,"column":44}},"36":{"start":{"line":37,"column":0},"end":{"line":37,"column":52}},"37":{"start":{"line":38,"column":0},"end":{"line":38,"column":5}},"38":{"start":{"line":39,"column":0},"end":{"line":39,"column":33}},"39":{"start":{"line":40,"column":0},"end":{"line":40,"column":30}},"40":{"start":{"line":41,"column":0},"end":{"line":41,"column":3}},"41":{"start":{"line":42,"column":0},"end":{"line":42,"column":1}},"43":{"start":{"line":44,"column":0},"end":{"line":44,"column":31}}},"s":{"0":1,"4":1,"5":7,"6":7,"7":7,"8":7,"10":7,"11":2,"12":2,"14":7,"15":1,"16":1,"18":7,"19":13,"20":13,"21":13,"23":7,"24":3,"25":3,"27":7,"28":2,"29":2,"30":0,"31":0,"32":2,"33":1,"34":1,"35":2,"36":0,"37":0,"38":1,"39":1,"40":2,"41":7,"43":1},"branchMap":{"0":{"type":"branch","line":5,"loc":{"start":{"line":5,"column":44},"end":{"line":42,"column":1}},"locations":[{"start":{"line":5,"column":44},"end":{"line":42,"column":1}}]},"1":{"type":"branch","line":7,"loc":{"start":{"line":7,"column":2},"end":{"line":9,"column":3}},"locations":[{"start":{"line":7,"column":2},"end":{"line":9,"column":3}}]},"2":{"type":"branch","line":11,"loc":{"start":{"line":11,"column":2},"end":{"line":13,"column":3}},"locations":[{"start":{"line":11,"column":2},"end":{"line":13,"column":3}}]},"3":{"type":"branch","line":15,"loc":{"start":{"line":15,"column":2},"end":{"line":17,"column":3}},"locations":[{"start":{"line":15,"column":2},"end":{"line":17,"column":3}}]},"4":{"type":"branch","line":16,"loc":{"start":{"line":16,"column":30},"end":{"line":16,"column":69}},"locations":[{"start":{"line":16,"column":30},"end":{"line":16,"column":69}}]},"5":{"type":"branch","line":19,"loc":{"start":{"line":19,"column":2},"end":{"line":22,"column":3}},"locations":[{"start":{"line":19,"column":2},"end":{"line":22,"column":3}}]},"6":{"type":"branch","line":24,"loc":{"start":{"line":24,"column":2},"end":{"line":26,"column":3}},"locations":[{"start":{"line":24,"column":2},"end":{"line":26,"column":3}}]},"7":{"type":"branch","line":25,"loc":{"start":{"line":25,"column":28},"end":{"line":25,"column":59}},"locations":[{"start":{"line":25,"column":28},"end":{"line":25,"column":59}}]},"8":{"type":"branch","line":28,"loc":{"start":{"line":28,"column":2},"end":{"line":41,"column":3}},"locations":[{"start":{"line":28,"column":2},"end":{"line":41,"column":3}}]},"9":{"type":"branch","line":30,"loc":{"start":{"line":30,"column":16},"end":{"line":32,"column":5}},"locations":[{"start":{"line":30,"column":16},"end":{"line":32,"column":5}}]},"10":{"type":"branch","line":33,"loc":{"start":{"line":33,"column":43},"end":{"line":36,"column":43}},"locations":[{"start":{"line":33,"column":43},"end":{"line":36,"column":43}}]},"11":{"type":"branch","line":36,"loc":{"start":{"line":36,"column":43},"end":{"line":38,"column":5}},"locations":[{"start":{"line":36,"column":43},"end":{"line":38,"column":5}}]},"12":{"type":"branch","line":38,"loc":{"start":{"line":38,"column":4},"end":{"line":40,"column":30}},"locations":[{"start":{"line":38,"column":4},"end":{"line":40,"column":30}}]}},"b":{"0":[7],"1":[7],"2":[2],"3":[1],"4":[2],"5":[13],"6":[3],"7":[4],"8":[2],"9":[0],"10":[1],"11":[0],"12":[1]},"fnMap":{"0":{"name":"<instance_members_initializer>","decl":{"start":{"line":5,"column":44},"end":{"line":42,"column":1}},"loc":{"start":{"line":5,"column":44},"end":{"line":42,"column":1}},"line":5},"1":{"name":"MockOrder","decl":{"start":{"line":7,"column":2},"end":{"line":9,"column":3}},"loc":{"start":{"line":7,"column":2},"end":{"line":9,"column":3}},"line":7},"2":{"name":"getOrders","decl":{"start":{"line":11,"column":2},"end":{"line":13,"column":3}},"loc":{"start":{"line":11,"column":2},"end":{"line":13,"column":3}},"line":11},"3":{"name":"getOrdersByStatus","decl":{"start":{"line":15,"column":2},"end":{"line":17,"column":3}},"loc":{"start":{"line":15,"column":2},"end":{"line":17,"column":3}},"line":15},"4":{"name":"createOrder","decl":{"start":{"line":19,"column":2},"end":{"line":22,"column":3}},"loc":{"start":{"line":19,"column":2},"end":{"line":22,"column":3}},"line":19},"5":{"name":"getOrderById","decl":{"start":{"line":24,"column":2},"end":{"line":26,"column":3}},"loc":{"start":{"line":24,"column":2},"end":{"line":26,"column":3}},"line":24},"6":{"name":"cancelOrder","decl":{"start":{"line":28,"column":2},"end":{"line":41,"column":3}},"loc":{"start":{"line":28,"column":2},"end":{"line":41,"column":3}},"line":28}},"f":{"0":7,"1":7,"2":2,"3":1,"4":13,"5":3,"6":2}}
,"/home/juan/ProgrIV/Programacion-4/TP2/src/models/order.ts": {"path":"/home/juan/ProgrIV/Programacion-4/TP2/src/models/order.ts","all":false,"statementMap":{"3":{"start":{"line":4,"column":0},"end":{"line":4,"column":20}},"4":{"start":{"line":5,"column":0},"end":{"line":5,"column":23}},"5":{"start":{"line":6,"column":0},"end":{"line":6,"column":28}},"6":{"start":{"line":7,"column":0},"end":{"line":7,"column":26}},"7":{"start":{"line":8,"column":0},"end":{"line":8,"column":31}},"8":{"start":{"line":9,"column":0},"end":{"line":9,"column":28}},"9":{"start":{"line":10,"column":0},"end":{"line":10,"column":32}},"11":{"start":{"line":12,"column":0},"end":{"line":12,"column":14}},"12":{"start":{"line":13,"column":0},"end":{"line":13,"column":15}},"13":{"start":{"line":14,"column":0},"end":{"line":14,"column":20}},"14":{"start":{"line":15,"column":0},"end":{"line":15,"column":23}},"15":{"start":{"line":16,"column":0},"end":{"line":16,"column":20}},"16":{"start":{"line":17,"column":0},"end":{"line":17,"column":23}},"17":{"start":{"line":18,"column":0},"end":{"line":18,"column":5}},"18":{"start":{"line":19,"column":0},"end":{"line":19,"column":17}},"19":{"start":{"line":20,"column":0},"end":{"line":20,"column":21}},"20":{"start":{"line":21,"column":0},"end":{"line":21,"column":19}},"21":{"start":{"line":22,"column":0},"end":{"line":22,"column":29}},"22":{"start":{"line":23,"column":0},"end":{"line":23,"column":27}},"23":{"start":{"line":24,"column":0},"end":{"line":24,"column":25}},"24":{"start":{"line":25,"column":0},"end":{"line":25,"column":3}},"26":{"start":{"line":27,"column":0},"end":{"line":27,"column":26}},"27":{"start":{"line":28,"column":0},"end":{"line":28,"column":19}},"28":{"start":{"line":29,"column":0},"end":{"line":29,"column":3}},"30":{"start":{"line":31,"column":0},"end":{"line":31,"column":31}},"31":{"start":{"line":32,"column":0},"end":{"line":32,"column":21}},"32":{"start":{"line":33,"column":0},"end":{"line":33,"column":3}},"34":{"start":{"line":35,"column":0},"end":{"line":35,"column":29}},"35":{"start":{"line":36,"column":0},"end":{"line":36,"column":22}},"36":{"start":{"line":37,"column":0},"end":{"line":37,"column":3}},"38":{"start":{"line":39,"column":0},"end":{"line":39,"column":34}},"39":{"start":{"line":40,"column":0},"end":{"line":40,"column":25}},"40":{"start":{"line":41,"column":0},"end":{"line":41,"column":3}},"42":{"start":{"line":43,"column":0},"end":{"line":43,"column":31}},"43":{"start":{"line":44,"column":0},"end":{"line":44,"column":24}},"44":{"start":{"line":45,"column":0},"end":{"line":45,"column":3}},"46":{"start":{"line":47,"column":0},"end":{"line":47,"column":35}},"47":{"start":{"line":48,"column":0},"end":{"line":48,"column":23}},"48":{"start":{"line":49,"column":0},"end":{"line":49,"column":3}},"50":{"start":{"line":51,"column":0},"end":{"line":51,"column":47}},"51":{"start":{"line":52,"column":0},"end":{"line":52,"column":25}},"52":{"start":{"line":53,"column":0},"end":{"line":53,"column":3}},"54":{"start":{"line":55,"column":0},"end":{"line":55,"column":40}},"55":{"start":{"line":56,"column":0},"end":{"line":56,"column":23}},"56":{"start":{"line":57,"column":0},"end":{"line":57,"column":3}},"57":{"start":{"line":58,"column":0},"end":{"line":58,"column":1}}},"s":{"3":1,"4":3,"5":3,"6":3,"7":3,"8":3,"9":3,"11":3,"12":3,"13":3,"14":3,"15":3,"16":3,"17":3,"18":3,"19":3,"20":3,"21":3,"22":3,"23":3,"24":3,"26":3,"27":5,"28":5,"30":3,"31":13,"32":13,"34":3,"35":0,"36":0,"38":3,"39":13,"40":13,"42":3,"43":0,"44":0,"46":3,"47":5,"48":5,"50":3,"51":1,"52":1,"54":3,"55":13,"56":13,"57":3},"branchMap":{"0":{"type":"branch","line":4,"loc":{"start":{"line":4,"column":19},"end":{"line":58,"column":1}},"locations":[{"start":{"line":4,"column":19},"end":{"line":58,"column":1}}]},"1":{"type":"branch","line":12,"loc":{"start":{"line":12,"column":2},"end":{"line":25,"column":3}},"locations":[{"start":{"line":12,"column":2},"end":{"line":25,"column":3}}]},"2":{"type":"branch","line":27,"loc":{"start":{"line":27,"column":9},"end":{"line":29,"column":3}},"locations":[{"start":{"line":27,"column":9},"end":{"line":29,"column":3}}]},"3":{"type":"branch","line":31,"loc":{"start":{"line":31,"column":9},"end":{"line":33,"column":3}},"locations":[{"start":{"line":31,"column":9},"end":{"line":33,"column":3}}]},"4":{"type":"branch","line":39,"loc":{"start":{"line":39,"column":9},"end":{"line":41,"column":3}},"locations":[{"start":{"line":39,"column":9},"end":{"line":41,"column":3}}]},"5":{"type":"branch","line":47,"loc":{"start":{"line":47,"column":9},"end":{"line":49,"column":3}},"locations":[{"start":{"line":47,"column":9},"end":{"line":49,"column":3}}]},"6":{"type":"branch","line":51,"loc":{"start":{"line":51,"column":9},"end":{"line":53,"column":3}},"locations":[{"start":{"line":51,"column":9},"end":{"line":53,"column":3}}]},"7":{"type":"branch","line":55,"loc":{"start":{"line":55,"column":9},"end":{"line":57,"column":3}},"locations":[{"start":{"line":55,"column":9},"end":{"line":57,"column":3}}]}},"b":{"0":[3],"1":[3],"2":[5],"3":[13],"4":[13],"5":[5],"6":[1],"7":[13]},"fnMap":{"0":{"name":"<instance_members_initializer>","decl":{"start":{"line":4,"column":19},"end":{"line":58,"column":1}},"loc":{"start":{"line":4,"column":19},"end":{"line":58,"column":1}},"line":4},"1":{"name":"Order","decl":{"start":{"line":12,"column":2},"end":{"line":25,"column":3}},"loc":{"start":{"line":12,"column":2},"end":{"line":25,"column":3}},"line":12},"2":{"name":"getId","decl":{"start":{"line":27,"column":9},"end":{"line":29,"column":3}},"loc":{"start":{"line":27,"column":9},"end":{"line":29,"column":3}},"line":27},"3":{"name":"getSize","decl":{"start":{"line":31,"column":9},"end":{"line":33,"column":3}},"loc":{"start":{"line":31,"column":9},"end":{"line":33,"column":3}},"line":31},"4":{"name":"getPrice","decl":{"start":{"line":35,"column":9},"end":{"line":37,"column":3}},"loc":{"start":{"line":35,"column":9},"end":{"line":37,"column":3}},"line":35},"5":{"name":"getToppings","decl":{"start":{"line":39,"column":9},"end":{"line":41,"column":3}},"loc":{"start":{"line":39,"column":9},"end":{"line":41,"column":3}},"line":39},"6":{"name":"getAddress","decl":{"start":{"line":43,"column":9},"end":{"line":45,"column":3}},"loc":{"start":{"line":43,"column":9},"end":{"line":45,"column":3}},"line":43},"7":{"name":"getStatus","decl":{"start":{"line":47,"column":9},"end":{"line":49,"column":3}},"loc":{"start":{"line":47,"column":9},"end":{"line":49,"column":3}},"line":47},"8":{"name":"setStatus","decl":{"start":{"line":51,"column":9},"end":{"line":53,"column":3}},"loc":{"start":{"line":51,"column":9},"end":{"line":53,"column":3}},"line":51},"9":{"name":"setPrice","decl":{"start":{"line":55,"column":9},"end":{"line":57,"column":3}},"loc":{"start":{"line":55,"column":9},"end":{"line":57,"column":3}},"line":55}},"f":{"0":3,"1":3,"2":5,"3":13,"4":0,"5":13,"6":0,"7":5,"8":1,"9":13}}
,"/home/juan/ProgrIV/Programacion-4/TP2/src/models/interface/order.interface.ts": {"path":"/home/juan/ProgrIV/Programacion-4/TP2/src/models/interface/order.interface.ts","all":true,"statementMap":{},"s":{},"branchMap":{"0":{"type":"branch","line":1,"loc":{"start":{"line":1,"column":270},"end":{"line":9,"column":1}},"locations":[{"start":{"line":1,"column":270},"end":{"line":9,"column":1}}]}},"b":{"0":[1]},"fnMap":{"0":{"name":"(empty-report)","decl":{"start":{"line":1,"column":270},"end":{"line":9,"column":1}},"loc":{"start":{"line":1,"column":270},"end":{"line":9,"column":1}},"line":1}},"f":{"0":1}}
,"/home/juan/ProgrIV/Programacion-4/TP2/src/services/order.service.ts": {"path":"/home/juan/ProgrIV/Programacion-4/TP2/src/services/order.service.ts","all":true,"statementMap":{"2":{"start":{"line":3,"column":0},"end":{"line":3,"column":44}},"4":{"start":{"line":5,"column":0},"end":{"line":5,"column":42}},"5":{"start":{"line":6,"column":0},"end":{"line":6,"column":24}},"6":{"start":{"line":7,"column":0},"end":{"line":7,"column":33}},"7":{"start":{"line":8,"column":0},"end":{"line":8,"column":3}},"8":{"start":{"line":9,"column":0},"end":{"line":9,"column":51}},"9":{"start":{"line":10,"column":0},"end":{"line":10,"column":47}},"10":{"start":{"line":11,"column":0},"end":{"line":11,"column":3}},"11":{"start":{"line":12,"column":0},"end":{"line":12,"column":35}},"12":{"start":{"line":13,"column":0},"end":{"line":13,"column":33}},"13":{"start":{"line":14,"column":0},"end":{"line":14,"column":3}},"14":{"start":{"line":15,"column":0},"end":{"line":15,"column":47}},"15":{"start":{"line":16,"column":0},"end":{"line":16,"column":38}},"16":{"start":{"line":17,"column":0},"end":{"line":17,"column":3}},"17":{"start":{"line":18,"column":0},"end":{"line":18,"column":35}},"18":{"start":{"line":19,"column":0},"end":{"line":19,"column":37}},"19":{"start":{"line":20,"column":0},"end":{"line":20,"column":3}},"20":{"start":{"line":21,"column":0},"end":{"line":21,"column":1}}},"s":{"2":0,"4":0,"5":0,"6":0,"7":0,"8":0,"9":0,"10":0,"11":0,"12":0,"13":0,"14":0,"15":0,"16":0,"17":0,"18":0,"19":0,"20":0},"branchMap":{"0":{"type":"branch","line":1,"loc":{"start":{"line":1,"column":619},"end":{"line":21,"column":1}},"locations":[{"start":{"line":1,"column":619},"end":{"line":21,"column":1}}]}},"b":{"0":[1]},"fnMap":{"0":{"name":"(empty-report)","decl":{"start":{"line":1,"column":619},"end":{"line":21,"column":1}},"loc":{"start":{"line":1,"column":619},"end":{"line":21,"column":1}},"line":1}},"f":{"0":1}}
,"/home/juan/ProgrIV/Programacion-4/TP2/src/utils/OrderBuilder.ts": {"path":"/home/juan/ProgrIV/Programacion-4/TP2/src/utils/OrderBuilder.ts","all":false,"statementMap":{"0":{"start":{"line":1,"column":0},"end":{"line":1,"column":40}},"2":{"start":{"line":3,"column":0},"end":{"line":3,"column":27}},"3":{"start":{"line":4,"column":0},"end":{"line":4,"column":27}},"4":{"start":{"line":5,"column":0},"end":{"line":5,"column":38}},"5":{"start":{"line":6,"column":0},"end":{"line":6,"column":52}},"6":{"start":{"line":7,"column":0},"end":{"line":7,"column":46}},"7":{"start":{"line":8,"column":0},"end":{"line":8,"column":72}},"9":{"start":{"line":10,"column":0},"end":{"line":10,"column":42}},"10":{"start":{"line":11,"column":0},"end":{"line":11,"column":17}},"11":{"start":{"line":12,"column":0},"end":{"line":12,"column":16}},"12":{"start":{"line":13,"column":0},"end":{"line":13,"column":3}},"14":{"start":{"line":15,"column":0},"end":{"line":15,"column":55}},"15":{"start":{"line":16,"column":0},"end":{"line":16,"column":21}},"16":{"start":{"line":17,"column":0},"end":{"line":17,"column":16}},"17":{"start":{"line":18,"column":0},"end":{"line":18,"column":3}},"19":{"start":{"line":20,"column":0},"end":{"line":20,"column":56}},"20":{"start":{"line":21,"column":0},"end":{"line":21,"column":29}},"21":{"start":{"line":22,"column":0},"end":{"line":22,"column":16}},"22":{"start":{"line":23,"column":0},"end":{"line":23,"column":3}},"24":{"start":{"line":25,"column":0},"end":{"line":25,"column":52}},"25":{"start":{"line":26,"column":0},"end":{"line":26,"column":27}},"26":{"start":{"line":27,"column":0},"end":{"line":27,"column":16}},"27":{"start":{"line":28,"column":0},"end":{"line":28,"column":3}},"29":{"start":{"line":30,"column":0},"end":{"line":30,"column":19}},"30":{"start":{"line":31,"column":0},"end":{"line":31,"column":51}},"31":{"start":{"line":32,"column":0},"end":{"line":32,"column":19}},"32":{"start":{"line":33,"column":0},"end":{"line":33,"column":25}},"33":{"start":{"line":34,"column":0},"end":{"line":34,"column":16}},"34":{"start":{"line":35,"column":0},"end":{"line":35,"column":3}},"36":{"start":{"line":37,"column":0},"end":{"line":37,"column":25}},"37":{"start":{"line":38,"column":0},"end":{"line":38,"column":21}},"38":{"start":{"line":39,"column":0},"end":{"line":39,"column":14}},"39":{"start":{"line":40,"column":0},"end":{"line":40,"column":16}},"40":{"start":{"line":41,"column":0},"end":{"line":41,"column":20}},"41":{"start":{"line":42,"column":0},"end":{"line":42,"column":19}},"42":{"start":{"line":43,"column":0},"end":{"line":43,"column":17}},"43":{"start":{"line":44,"column":0},"end":{"line":44,"column":6}},"44":{"start":{"line":45,"column":0},"end":{"line":45,"column":3}},"45":{"start":{"line":46,"column":0},"end":{"line":46,"column":1}}},"s":{"0":1,"2":1,"3":1,"4":1,"5":1,"6":1,"7":1,"9":1,"10":1,"11":1,"12":1,"14":1,"15":0,"16":0,"17":0,"19":1,"20":0,"21":0,"22":0,"24":1,"25":0,"26":0,"27":0,"29":1,"30":0,"31":0,"32":0,"33":0,"34":0,"36":1,"37":1,"38":1,"39":1,"40":1,"41":1,"42":1,"43":1,"44":1,"45":1},"branchMap":{"0":{"type":"branch","line":3,"loc":{"start":{"line":3,"column":26},"end":{"line":46,"column":1}},"locations":[{"start":{"line":3,"column":26},"end":{"line":46,"column":1}}]},"1":{"type":"branch","line":10,"loc":{"start":{"line":10,"column":9},"end":{"line":13,"column":3}},"locations":[{"start":{"line":10,"column":9},"end":{"line":13,"column":3}}]},"2":{"type":"branch","line":37,"loc":{"start":{"line":37,"column":9},"end":{"line":45,"column":3}},"locations":[{"start":{"line":37,"column":9},"end":{"line":45,"column":3}}]}},"b":{"0":[1],"1":[1],"2":[1]},"fnMap":{"0":{"name":"<instance_members_initializer>","decl":{"start":{"line":3,"column":26},"end":{"line":46,"column":1}},"loc":{"start":{"line":3,"column":26},"end":{"line":46,"column":1}},"line":3},"1":{"name":"setId","decl":{"start":{"line":10,"column":9},"end":{"line":13,"column":3}},"loc":{"start":{"line":10,"column":9},"end":{"line":13,"column":3}},"line":10},"2":{"name":"setSize","decl":{"start":{"line":15,"column":9},"end":{"line":18,"column":3}},"loc":{"start":{"line":15,"column":9},"end":{"line":18,"column":3}},"line":15},"3":{"name":"setToppings","decl":{"start":{"line":20,"column":9},"end":{"line":23,"column":3}},"loc":{"start":{"line":20,"column":9},"end":{"line":23,"column":3}},"line":20},"4":{"name":"setAddress","decl":{"start":{"line":25,"column":9},"end":{"line":28,"column":3}},"loc":{"start":{"line":25,"column":9},"end":{"line":28,"column":3}},"line":25},"5":{"name":"setStatus","decl":{"start":{"line":30,"column":9},"end":{"line":35,"column":3}},"loc":{"start":{"line":30,"column":9},"end":{"line":35,"column":3}},"line":30},"6":{"name":"build","decl":{"start":{"line":37,"column":9},"end":{"line":45,"column":3}},"loc":{"start":{"line":37,"column":9},"end":{"line":45,"column":3}},"line":37}},"f":{"0":1,"1":1,"2":0,"3":0,"4":0,"5":0,"6":1}}
,"/home/juan/ProgrIV/Programacion-4/TP2/src/utils/prices.ts": {"path":"/home/juan/ProgrIV/Programacion-4/TP2/src/utils/prices.ts","all":false,"statementMap":{"2":{"start":{"line":3,"column":0},"end":{"line":3,"column":80}},"3":{"start":{"line":4,"column":0},"end":{"line":4,"column":22}},"4":{"start":{"line":5,"column":0},"end":{"line":5,"column":19}},"5":{"start":{"line":6,"column":0},"end":{"line":6,"column":17}},"6":{"start":{"line":7,"column":0},"end":{"line":7,"column":27}},"7":{"start":{"line":8,"column":0},"end":{"line":8,"column":18}},"8":{"start":{"line":9,"column":0},"end":{"line":9,"column":17}},"9":{"start":{"line":10,"column":0},"end":{"line":10,"column":27}},"10":{"start":{"line":11,"column":0},"end":{"line":11,"column":18}},"11":{"start":{"line":12,"column":0},"end":{"line":12,"column":17}},"12":{"start":{"line":13,"column":0},"end":{"line":13,"column":27}},"13":{"start":{"line":14,"column":0},"end":{"line":14,"column":18}},"14":{"start":{"line":15,"column":0},"end":{"line":15,"column":16}},"15":{"start":{"line":16,"column":0},"end":{"line":16,"column":57}},"16":{"start":{"line":17,"column":0},"end":{"line":17,"column":5}},"17":{"start":{"line":18,"column":0},"end":{"line":18,"column":46}},"18":{"start":{"line":19,"column":0},"end":{"line":19,"column":37}},"19":{"start":{"line":20,"column":0},"end":{"line":20,"column":1}}},"s":{"2":1,"3":13,"4":13,"5":13,"6":0,"7":0,"8":13,"9":7,"10":7,"11":13,"12":6,"13":6,"14":13,"15":0,"16":13,"17":13,"18":13,"19":13},"branchMap":{"0":{"type":"branch","line":3,"loc":{"start":{"line":3,"column":30},"end":{"line":20,"column":1}},"locations":[{"start":{"line":3,"column":30},"end":{"line":20,"column":1}}]},"1":{"type":"branch","line":6,"loc":{"start":{"line":6,"column":8},"end":{"line":8,"column":18}},"locations":[{"start":{"line":6,"column":8},"end":{"line":8,"column":18}}]},"2":{"type":"branch","line":9,"loc":{"start":{"line":9,"column":8},"end":{"line":11,"column":18}},"locations":[{"start":{"line":9,"column":8},"end":{"line":11,"column":18}}]},"3":{"type":"branch","line":12,"loc":{"start":{"line":12,"column":8},"end":{"line":14,"column":18}},"locations":[{"start":{"line":12,"column":8},"end":{"line":14,"column":18}}]},"4":{"type":"branch","line":15,"loc":{"start":{"line":15,"column":8},"end":{"line":16,"column":57}},"locations":[{"start":{"line":15,"column":8},"end":{"line":16,"column":57}}]}},"b":{"0":[13],"1":[0],"2":[7],"3":[6],"4":[0]},"fnMap":{"0":{"name":"calculatePrice","decl":{"start":{"line":3,"column":30},"end":{"line":20,"column":1}},"loc":{"start":{"line":3,"column":30},"end":{"line":20,"column":1}},"line":3}},"f":{"0":13}}
}
